{"timestamp":"2024-08-14T19:52:54.187Z","errors":[{"type":"field","value":"","msg":"Invalid value","path":"registeremail","location":"body"},{"type":"field","value":"","msg":"Invalid value","path":"registerpassword","location":"body"}]}
{"timestamp":"2024-08-14T19:57:46.302Z","errors":[{"type":"field","value":"","msg":"Invalid value","path":"registeremail","location":"body"},{"type":"field","value":"","msg":"Invalid value","path":"registerpassword","location":"body"}]}
{"timestamp":"2024-08-14T19:57:47.464Z","errors":[{"type":"field","value":"","msg":"Invalid value","path":"registeremail","location":"body"},{"type":"field","value":"","msg":"Invalid value","path":"registerpassword","location":"body"}]}
{"timestamp":"2024-08-14T19:57:52.281Z","errors":[{"type":"field","value":"","msg":"Invalid value","path":"loginemail","location":"body"},{"type":"field","value":"","msg":"Invalid value","path":"loginpassword","location":"body"}]}
{"timestamp":"2024-08-14T19:57:53.527Z","errors":[{"type":"field","value":"","msg":"Invalid value","path":"loginemail","location":"body"},{"type":"field","value":"","msg":"Invalid value","path":"loginpassword","location":"body"}]}
{"timestamp":"2024-08-14T19:58:04.758Z","errors":[{"type":"field","value":"","msg":"Invalid value","path":"email","location":"body"}]}
{"timestamp":"2024-08-14T19:58:05.685Z","errors":[{"type":"field","value":"","msg":"Invalid value","path":"email","location":"body"}]}
{"timestamp":"2024-08-15T01:08:12.729Z","errors":[{"type":"field","value":"","msg":"Invalid value","path":"loginemail","location":"body"},{"type":"field","value":"","msg":"Invalid value","path":"loginpassword","location":"body"}]}
{"timestamp":"2024-08-15T01:08:13.881Z","errors":[{"type":"field","value":"","msg":"Invalid value","path":"loginemail","location":"body"},{"type":"field","value":"","msg":"Invalid value","path":"loginpassword","location":"body"}]}
{"timestamp":"2024-08-15T01:08:14.682Z","errors":[{"type":"field","value":"","msg":"Invalid value","path":"loginemail","location":"body"},{"type":"field","value":"","msg":"Invalid value","path":"loginpassword","location":"body"}]}
{"timestamp":"2024-08-15T01:08:50.394Z","errors":[{"type":"field","value":"","msg":"Invalid value","path":"loginemail","location":"body"},{"type":"field","value":"","msg":"Invalid value","path":"loginpassword","location":"body"}]}
{"timestamp":"2024-08-15T01:08:59.139Z","errors":[{"type":"field","value":"","msg":"Invalid value","path":"loginemail","location":"body"},{"type":"field","value":"","msg":"Invalid value","path":"loginpassword","location":"body"}]}
{"timestamp":"2024-08-15T01:09:00.839Z","errors":[{"type":"field","value":"","msg":"Invalid value","path":"loginemail","location":"body"},{"type":"field","value":"","msg":"Invalid value","path":"loginpassword","location":"body"}]}
{"timestamp":"2024-08-15T01:10:40.805Z","errors":[{"type":"field","value":"","msg":"Invalid value","path":"loginemail","location":"body"},{"type":"field","value":"","msg":"Invalid value","path":"loginpassword","location":"body"}]}
{"timestamp":"2024-08-15T01:16:20.872Z","errors":[{"type":"field","value":"","msg":"Invalid value","path":"loginemail","location":"body"},{"type":"field","value":"","msg":"Invalid value","path":"loginpassword","location":"body"}]}
{"timestamp":"2024-08-15T01:17:28.480Z","errors":[{"type":"field","value":"","msg":"Invalid value","path":"loginemail","location":"body"},{"type":"field","value":"","msg":"Invalid value","path":"loginpassword","location":"body"}]}
{"timestamp":"2024-08-15T01:19:42.891Z","errors":[{"type":"field","value":"","msg":"Invalid value","path":"loginemail","location":"body"},{"type":"field","value":"","msg":"Invalid value","path":"loginpassword","location":"body"}]}
{"timestamp":"2024-08-15T01:38:31.932Z","errors":[{"type":"field","value":"","msg":"Invalid value","path":"loginemail","location":"body"},{"type":"field","value":"","msg":"Invalid value","path":"loginpassword","location":"body"}]}
{"timestamp":"2024-08-15T01:41:32.681Z","errors":[{"type":"field","value":"","msg":"Invalid value","path":"loginemail","location":"body"},{"type":"field","value":"","msg":"Invalid value","path":"loginpassword","location":"body"}]}
{"timestamp":"2024-08-15T01:44:58.382Z","errors":[{"type":"field","value":"","msg":"Email inválido.","path":"loginemail","location":"body"},{"type":"field","value":"","msg":"Senha deve ter pelo menos 6 caracteres.","path":"loginpassword","location":"body"}]}
{"timestamp":"2024-08-15T01:45:08.443Z","errors":[{"type":"field","value":"","msg":"Senha deve ter pelo menos 6 caracteres.","path":"loginpassword","location":"body"}]}
{"timestamp":"2024-08-15T01:57:11.914Z","errors":[{"type":"field","value":"","msg":"Email inválido.","path":"loginemail","location":"body"},{"type":"field","value":"","msg":"Senha deve ter pelo menos 6 caracteres.","path":"loginpassword","location":"body"}]}
{"timestamp":"2024-08-15T01:57:16.824Z","errors":[{"type":"field","value":"","msg":"Senha deve ter pelo menos 6 caracteres.","path":"loginpassword","location":"body"}]}
{"timestamp":"2024-08-15T01:58:42.169Z","errors":[{"type":"field","value":"1234","msg":"Senha invalida.","path":"loginpassword","location":"body"}]}
{"timestamp":"2024-08-15T01:58:43.673Z","errors":[{"type":"field","value":"","msg":"Email inválido.","path":"loginemail","location":"body"},{"type":"field","value":"","msg":"Senha invalida.","path":"loginpassword","location":"body"}]}
{"timestamp":"2024-08-15T01:59:36.322Z","errors":[{"type":"field","value":"","msg":"Email inválido.","path":"loginemail","location":"body"},{"type":"field","value":"","msg":"Senha invalida.","path":"loginpassword","location":"body"}]}
{"timestamp":"2024-08-15T02:57:03.347Z","errors":[{"type":"field","value":"","msg":"Email inválido.","path":"registeremail","location":"body"},{"type":"field","value":"","msg":"Senha Invalida.","path":"registerpassword","location":"body"}]}
{"timestamp":"2024-08-16T13:31:19.149Z","errors":[{"type":"field","value":"","msg":"Email inválido.","path":"loginemail","location":"body"},{"type":"field","value":"","msg":"Senha invalida.","path":"loginpassword","location":"body"}]}
{"timestamp":"2024-08-16T13:31:27.315Z","errors":[{"type":"field","value":"","msg":"Email inválido.","path":"loginemail","location":"body"},{"type":"field","value":"","msg":"Senha invalida.","path":"loginpassword","location":"body"}]}
{"timestamp":"2024-08-16T13:31:30.618Z","errors":[{"type":"field","value":"","msg":"Email inválido.","path":"loginemail","location":"body"},{"type":"field","value":"","msg":"Senha invalida.","path":"loginpassword","location":"body"}]}
{"timestamp":"2024-08-16T13:31:31.369Z","errors":[{"type":"field","value":"","msg":"Email inválido.","path":"loginemail","location":"body"},{"type":"field","value":"","msg":"Senha invalida.","path":"loginpassword","location":"body"}]}
{"timestamp":"2024-08-16T13:31:31.714Z","errors":[{"type":"field","value":"","msg":"Email inválido.","path":"loginemail","location":"body"},{"type":"field","value":"","msg":"Senha invalida.","path":"loginpassword","location":"body"}]}
{"timestamp":"2024-08-16T13:31:31.904Z","errors":[{"type":"field","value":"","msg":"Email inválido.","path":"loginemail","location":"body"},{"type":"field","value":"","msg":"Senha invalida.","path":"loginpassword","location":"body"}]}
{"timestamp":"2024-08-16T13:31:32.091Z","errors":[{"type":"field","value":"","msg":"Email inválido.","path":"loginemail","location":"body"},{"type":"field","value":"","msg":"Senha invalida.","path":"loginpassword","location":"body"}]}
{"timestamp":"2024-08-16T13:31:32.276Z","errors":[{"type":"field","value":"","msg":"Email inválido.","path":"loginemail","location":"body"},{"type":"field","value":"","msg":"Senha invalida.","path":"loginpassword","location":"body"}]}
{"timestamp":"2024-08-16T13:31:32.443Z","errors":[{"type":"field","value":"","msg":"Email inválido.","path":"loginemail","location":"body"},{"type":"field","value":"","msg":"Senha invalida.","path":"loginpassword","location":"body"}]}
{"timestamp":"2024-08-16T13:31:32.627Z","errors":[{"type":"field","value":"","msg":"Email inválido.","path":"loginemail","location":"body"},{"type":"field","value":"","msg":"Senha invalida.","path":"loginpassword","location":"body"}]}
{"timestamp":"2024-08-16T13:31:32.814Z","errors":[{"type":"field","value":"","msg":"Email inválido.","path":"loginemail","location":"body"},{"type":"field","value":"","msg":"Senha invalida.","path":"loginpassword","location":"body"}]}
{"timestamp":"2024-08-16T13:31:32.986Z","errors":[{"type":"field","value":"","msg":"Email inválido.","path":"loginemail","location":"body"},{"type":"field","value":"","msg":"Senha invalida.","path":"loginpassword","location":"body"}]}
{"timestamp":"2024-08-16T13:31:33.182Z","errors":[{"type":"field","value":"","msg":"Email inválido.","path":"loginemail","location":"body"},{"type":"field","value":"","msg":"Senha invalida.","path":"loginpassword","location":"body"}]}
{"timestamp":"2024-08-16T13:31:33.380Z","errors":[{"type":"field","value":"","msg":"Email inválido.","path":"loginemail","location":"body"},{"type":"field","value":"","msg":"Senha invalida.","path":"loginpassword","location":"body"}]}
{"timestamp":"2024-08-16T13:31:33.609Z","errors":[{"type":"field","value":"","msg":"Email inválido.","path":"loginemail","location":"body"},{"type":"field","value":"","msg":"Senha invalida.","path":"loginpassword","location":"body"}]}
{"timestamp":"2024-08-16T13:31:33.828Z","errors":[{"type":"field","value":"","msg":"Email inválido.","path":"loginemail","location":"body"},{"type":"field","value":"","msg":"Senha invalida.","path":"loginpassword","location":"body"}]}
{"timestamp":"2024-08-16T13:31:34.012Z","errors":[{"type":"field","value":"","msg":"Email inválido.","path":"loginemail","location":"body"},{"type":"field","value":"","msg":"Senha invalida.","path":"loginpassword","location":"body"}]}
{"timestamp":"2024-08-16T13:31:34.210Z","errors":[{"type":"field","value":"","msg":"Email inválido.","path":"loginemail","location":"body"},{"type":"field","value":"","msg":"Senha invalida.","path":"loginpassword","location":"body"}]}
{"timestamp":"2024-08-16T13:31:34.426Z","errors":[{"type":"field","value":"","msg":"Email inválido.","path":"loginemail","location":"body"},{"type":"field","value":"","msg":"Senha invalida.","path":"loginpassword","location":"body"}]}
{"timestamp":"2024-08-16T13:31:34.643Z","errors":[{"type":"field","value":"","msg":"Email inválido.","path":"loginemail","location":"body"},{"type":"field","value":"","msg":"Senha invalida.","path":"loginpassword","location":"body"}]}
{"timestamp":"2024-08-16T13:31:34.850Z","errors":[{"type":"field","value":"","msg":"Email inválido.","path":"loginemail","location":"body"},{"type":"field","value":"","msg":"Senha invalida.","path":"loginpassword","location":"body"}]}
{"timestamp":"2024-08-16T13:31:35.049Z","errors":[{"type":"field","value":"","msg":"Email inválido.","path":"loginemail","location":"body"},{"type":"field","value":"","msg":"Senha invalida.","path":"loginpassword","location":"body"}]}
{"timestamp":"2024-08-16T13:31:35.244Z","errors":[{"type":"field","value":"","msg":"Email inválido.","path":"loginemail","location":"body"},{"type":"field","value":"","msg":"Senha invalida.","path":"loginpassword","location":"body"}]}
{"timestamp":"2024-08-16T13:31:35.442Z","errors":[{"type":"field","value":"","msg":"Email inválido.","path":"loginemail","location":"body"},{"type":"field","value":"","msg":"Senha invalida.","path":"loginpassword","location":"body"}]}
{"timestamp":"2024-08-16T13:31:35.626Z","errors":[{"type":"field","value":"","msg":"Email inválido.","path":"loginemail","location":"body"},{"type":"field","value":"","msg":"Senha invalida.","path":"loginpassword","location":"body"}]}
{"timestamp":"2024-08-16T13:31:35.836Z","errors":[{"type":"field","value":"","msg":"Email inválido.","path":"loginemail","location":"body"},{"type":"field","value":"","msg":"Senha invalida.","path":"loginpassword","location":"body"}]}
{"timestamp":"2024-08-16T13:31:36.019Z","errors":[{"type":"field","value":"","msg":"Email inválido.","path":"loginemail","location":"body"},{"type":"field","value":"","msg":"Senha invalida.","path":"loginpassword","location":"body"}]}
{"timestamp":"2024-08-16T13:31:36.217Z","errors":[{"type":"field","value":"","msg":"Email inválido.","path":"loginemail","location":"body"},{"type":"field","value":"","msg":"Senha invalida.","path":"loginpassword","location":"body"}]}
{"timestamp":"2024-08-16T13:31:36.380Z","errors":[{"type":"field","value":"","msg":"Email inválido.","path":"loginemail","location":"body"},{"type":"field","value":"","msg":"Senha invalida.","path":"loginpassword","location":"body"}]}
{"timestamp":"2024-08-16T13:34:03.246Z","errors":[{"type":"field","value":"","msg":"Email inválido.","path":"registeremail","location":"body"},{"type":"field","value":"","msg":"Senha Invalida.","path":"registerpassword","location":"body"}]}
{"timestamp":"2024-08-16T13:53:45.521Z","errors":[{"type":"field","value":"","msg":"Email inválido.","path":"registeremail","location":"body"},{"type":"field","value":"","msg":"Senha Invalida.","path":"registerpassword","location":"body"}]}
{"timestamp":"2024-08-16T13:53:55.698Z","errors":[{"type":"field","value":"a@g","msg":"Email inválido.","path":"registeremail","location":"body"},{"type":"field","value":"a","msg":"Senha Invalida.","path":"registerpassword","location":"body"}]}
{"timestamp":"2024-08-16T14:15:32.475Z","errors":[{"type":"field","value":"","msg":"Email inválido.","path":"registeremail","location":"body"},{"type":"field","value":"","msg":"Senha Invalida.","path":"registerpassword","location":"body"}]}
{"timestamp":"2024-08-16T14:20:30.294Z","errors":[{"type":"field","value":"","msg":"Invalid value","path":"email","location":"body"}]}
{"timestamp":"2024-08-16T14:21:01.048Z","errors":[{"type":"field","value":"","msg":"Invalid value","path":"email","location":"body"}]}
{"timestamp":"2024-08-16T14:21:14.542Z","errors":[{"type":"field","value":"","msg":"Invalid value","path":"email","location":"body"}]}
{"timestamp":"2024-08-16T14:21:40.589Z","errors":[{"type":"field","value":"","msg":"Invalid value","path":"email","location":"body"}]}
{"timestamp":"2024-08-16T14:21:42.124Z","errors":[{"type":"field","value":"","msg":"Invalid value","path":"email","location":"body"}]}
{"timestamp":"2024-08-16T14:22:26.578Z","errors":[{"type":"field","value":"","msg":"Invalid value","path":"email","location":"body"}]}
{"timestamp":"2024-08-16T14:22:41.033Z","errors":[{"type":"field","value":"","msg":"Invalid value","path":"email","location":"body"}]}
{"timestamp":"2024-08-16T14:22:48.414Z","errors":[{"type":"field","value":"","msg":"Invalid value","path":"email","location":"body"}]}
{"timestamp":"2024-08-16T14:23:07.606Z","errors":[{"type":"field","value":"","msg":"Invalid value","path":"email","location":"body"}]}
{"timestamp":"2024-08-16T14:23:17.164Z","errors":[{"type":"field","value":"","msg":"Invalid value","path":"email","location":"body"}]}
{"timestamp":"2024-08-16T14:23:22.852Z","errors":[{"type":"field","value":"","msg":"Invalid value","path":"email","location":"body"}]}
